acpi
alsa-firmware
alsa-plugins
alsa-utils
amd-ucode
arc-gtk-theme
autoconf
automake
base
binutils
bison
cmake
cmatrix
cronie
discord
efibootmgr
fakeroot
ffmpegthumbnailer
figlet
firefox
flameshot
flex
gcc
git
groff
grub
gvim
htop
i3-gaps
i3status
krita
lib32-alsa-plugins
lib32-libpulse
lightdm
linux
linux-firmware
lolcat
lxappearance
m4
make
man-db
mpc
mpd
ncmpcpp
neofetch
neovim
network-manager-applet
networkmanager
nitrogen
openssh
os-prober
pacman-contrib
pandoc
papirus-icon-theme
patch
pavucontrol
picom
pulseaudio
python-pip
qbittorrent
reflector
rofi
sudo
termite
texinfo
texlive-bibtexextra
texlive-core
texlive-fontsextra
texlive-formatsextra
texlive-games
texlive-humanities
texlive-latexextra
texlive-music
texlive-pictures
texlive-pstricks
texlive-publishers
texlive-science
ttf-hack
unzip
vifm
vlc
volumeicon
waybar
wget
which
woeusb
xautolock
xdo
xf86-input-synaptics
xf86-video-amdgpu
xorg-server
xorg-server-xephyr
xorg-xbacklight
xorg-xinit
xorg-xrandr
youtube-dl
zathura
zathura-pdf-poppler
zsh
