Jun 08 22:41 : exception: RTIOThread could not get realtime scheduling, continuing anyway: sched_setscheduler failed: Operation not permitted
Jun 08 22:41 : update: added Projeto_Sola/[Projeto_sola]-Magnificat.mp3
Jun 08 22:41 : update: added Projeto_Sola/[Projeto_sola]-126.mp3
Jun 08 22:41 : update: added Projeto_Sola/[Projeto_sola]-46.mp3
Jun 08 22:41 : update: added Projeto_Sola/[Projeto_sola]-(SP)-+Ù_Vinde_Adoremos.mp3
Jun 08 22:41 : update: added Projeto_Sola/[Projeto_sola]-Colossenses_1.mp3
Jun 08 22:41 : update: added Projeto_Sola/[Projeto_sola]-(SP)-Filho_de_Deus.mp3
Jun 08 22:41 : update: added Projeto_Sola/[Projeto_sola]-(SP)-Colossenses_1.mp3
Jun 08 22:41 : update: added Projeto_Sola/[Projeto_sola]-Reden+∫+˙o.mp3
Jun 08 22:41 : update: added Projeto_Sola/[Projeto_sola]-Eterno_Lar.mp3
Jun 08 22:41 : update: added Projeto_Sola/[Projeto_sola]-AtÈ_Outra_Vez.mp3
Jun 08 22:41 : update: added Projeto_Sola/[Projeto_sola]-Confiss+¡es.mp3
Jun 08 22:41 : update: added Projeto_Sola/[Projeto_sola]-Das_Trevas_‡_Luz.mp3
Jun 08 22:41 : update: added Projeto_Sola/[Projeto_sola]-GÍnesis.mp3
Jun 08 22:41 : update: added Projeto_Sola/[Projeto_sola]-Benedictus_.mp3
Jun 08 22:41 : update: added Projeto_Sola/[Projeto_sola]-Cansado.mp3
Jun 08 22:41 : update: added Projeto_Sola/[Projeto_sola]-Nosso_Rei.mp3
Jun 08 22:41 : update: added Projeto_Sola/[Projeto_sola]-Entre_No¶¸s.mp3
Jun 08 22:41 : update: added Projeto_Sola/[Projeto_sola]-Nunc_Dimittis.mp3
Jun 08 22:41 : update: added Projeto_Sola/[Projeto_sola]-Por_Todos_Os_Dias.mp3
Jun 08 22:41 : update: added Projeto_Sola/[Projeto_sola]-Campos.mp3
Jun 08 22:41 : update: added Projeto_Sola/[Projeto_sola]-+Ëxodo.mp3
Jun 08 22:41 : update: added Projeto_Sola/[Projeto_sola]-Da_Vida.mp3
Jun 08 22:41 : update: added Alessandro_VIllas_Boas/[Alessandro_Vilas_Boas]-Doce_Como_O_Mel.mp3
Jun 08 22:41 : update: added Alessandro_VIllas_Boas/[Alessandro_Vilas_Boas]-O_Carpinteiro.mp3
Jun 08 22:41 : update: added Alessandro_VIllas_Boas/[Alessandro_Vilas_Boas]-(Jesus_Copy)-O_FOGO_NUNCA_DORME.mp3
Jun 08 22:41 : update: added Alessandro_VIllas_Boas/[Alessandro_Vilas_Boas]-QUERO_CONHECER_JESUS.mp3
Jun 08 22:41 : update: added Alessandro_VIllas_Boas/[Alessandro_Vilas_Boas]-(Jesus_Copy)-QUERO_CONHECER_JESUS.mp3
Jun 08 22:41 : update: added Alessandro_VIllas_Boas/[Alessandro_Vilas_Boas]-O_Fogo_Nunca_Dorme.mp3
Jun 08 22:41 : update: added Alessandro_VIllas_Boas/[Alessandro_Vilas_Boas]-EKBALLO.mp3
Jun 08 22:41 : update: added Alessandro_VIllas_Boas/[Alessandro_Vilas_Boas]-NÛs_Queremos_Ver.mp3
Jun 08 22:41 : update: added Alessandro_VIllas_Boas/[Alessandro_Vilas_Boas]-(Jesus_Copy)-DOCE_COMO_O_MEL.mp3
Jun 08 22:41 : update: added Alessandro_VIllas_Boas/[Alessandro_Vilas_Boas]-Jeremias_23.mp3
Jun 08 22:41 : update: added Alessandro_VIllas_Boas/[Alessandro_Vilas_Boas]-Deixa_Queimar.mp3
Jun 08 22:41 : update: added Isaias-Saad/[IsaÌas_Saad]-PALAVRA_-_A_BELEZA_DE_DEUS.mp3
Jun 08 22:41 : update: added Isaias-Saad/[Isa+°as_Saad]-INEXPLIC+¸VEL_AMOR_+_Luma_Elpidio.mp3
Jun 08 22:41 : update: added Isaias-Saad/[IsaÌas_Saad]-Estou_Aqui_+_Luma_Elpidio.mp3
Jun 08 22:41 : update: added Isaias-Saad/[IsaÌas_Saad]-_Pra_onde_eu_irei.mp3
Jun 08 22:41 : update: added Isaias-Saad/[IsaÌas_Saad]-EspÌrito_Vem.mp3
Jun 08 22:41 : update: added Isaias-Saad/[IsaÌas_Saad]-APOCALIPSE_4.mp3
Jun 08 22:41 : update: added Isaias-Saad/[IsaÌas_Saad]-EU_TAMB…M_+_PRA_TE_ADORAR.mp3
Jun 08 22:41 : update: added Isaias-Saad/[IsaÌas_Saad]-SUA_PRESEN«A.mp3
Jun 08 22:41 : update: added Isaias-Saad/[IsaÌas_Saad]-Vou_AlÈm.mp3
Jun 08 22:41 : update: added Isaias-Saad/[IsaÌas_Saad]-Eu_TambÈm.mp3
Jun 08 22:41 : update: added Isaias-Saad/[IsaÌas_Saad]-_O_Rei_est·_aqui.mp3
Jun 08 22:41 : update: added Isaias-Saad/[IsaÌas_Saad]-Ousado_Amor.mp3
Jun 08 22:41 : update: added Isaias-Saad/[IsaÌas_Saad]-QUEM_ELE_….mp3
Jun 08 22:41 : update: added Isaias-Saad/[IsaÌas_Saad]-Me_Esvaziar.mp3
Jun 08 22:41 : update: added Isaias-Saad/[IsaÌas_Saad]-ENCHE-ME_+_Gabriela_Rocha.mp3
Jun 08 22:41 : update: added Isaias-Saad/[IsaÌas_Saad]-EMANUEL.mp3
Jun 08 22:41 : update: added Isaias-Saad/[IsaÌas_Saad]-Emanuel_Gabriel_Guedes.mp3
Jun 08 22:41 : update: added Isaias-Saad/[IsaÌas_Saad]-BEM_PERTO.mp3
Jun 08 22:41 : update: added Luma-Epildio/[Luma_Elpidio]-Santo_Deus.mp3
Jun 08 22:41 : update: added Luma-Epildio/[Luma_Elpidio]-Holy.mp3
Jun 08 22:41 : update: added Luma-Epildio/[Luma_Elpidio]-No_Secreto.mp3
Jun 08 22:41 : update: added Luma-Epildio/[Luma_Elpidio]-Que_Amor_…_Esse.mp3
Jun 08 22:41 : update: added Luma-Epildio/[Luma_Elpidio]-O¶¸h_Minh'alma.mp3
Jun 08 22:41 : update: added Luma-Epildio/[Luma_Elpidio]-Na¶‚o_Sei_Mais_Como_Na¶‚o_Te_Amar.mp3
Jun 08 22:41 : update: added Luma-Epildio/[Luma_Elpidio]-Ele_Vem.mp3
Jun 08 22:41 : update: added Luma-Epildio/[Luma_Elpidio]-Tua_GlÛria.mp3
Jun 08 22:41 : update: added Luma-Epildio/[Luma_Elpidio]-VocÍ_Veio_Pra_Ficar.mp3
Jun 08 22:41 : update: added Luma-Epildio/[Luma_Elpidio]-Vem_a_Mim.mp3
Jun 08 22:41 : update: added Luma-Epildio/[Luma_Elpidio]-Liberta-me_de_Mim.mp3
Jun 08 22:41 : update: added Luma-Epildio/[Luma_Elpidio]-InsibistÌtuivel_+_Fernandinho.mp3
Jun 08 22:41 : update: added Luma-Epildio/[Luma_Elpidio]-Ele_N+˙o_Me_Deixou.mp3
Jun 08 22:41 : update: added Luma-Epildio/[Luma_Elpidio]-Mais_de_Ti.mp3
Jun 08 22:41 : update: added Luma-Epildio/[Luma_Elpidio]-Por_VocÍ.mp3
Jun 08 22:41 : update: added Luma-Epildio/[Luma_Elpidio]-Venho_a_Ti.mp3
Jun 08 22:41 : update: added Luma-Epildio/[Luma_Elpidio]-Quem_Ès_pra_mim.mp3
Jun 08 22:41 : update: added Qv/[QV_Filhos]-(Carol_Cassiano)-Romanos_8.mp3
Jun 08 22:41 : update: added Qv/[QV_Filhos]-(Rudney_de_Paula)-A_Melhor_Parte.mp3
Jun 08 22:41 : update: added Qv/[QV_Filhos]-(Bruno_Guimar+˙es)-A_morte_n+˙o_parou_Jesus.mp3
Jun 08 22:41 : update: added Qv/[Reden+∫+˙o]-(Phill)-Filipenses.mp3
Jun 08 22:41 : update: added Morada/[MORADA]-OH!_SE_FENDESSES.mp3
Jun 08 22:41 : update: added Morada/[MORADA]-+Î_TUDO_SOBRE_VOC+Ë.mp3
Jun 08 22:41 : update: added Morada/[MORADA]-N+‚O_H+¸_AMOR_IGUAL.mp3
Jun 08 22:41 : update: added Morada/[MORADA]-Para_Onde_Eu_Irei.mp3
Jun 08 22:41 : update: added diversos/[Louvor_IBM]-Fogo_em_Teus_Olhos.mp3
Jun 08 22:41 : update: added diversos/[Marcela_Tais]-Idolatria.mp3
Jun 08 22:41 : update: added diversos/[Central_3]-Para_Ti_eu_vou.mp3
Jun 08 22:41 : update: added diversos/[Gabriel_Guedes]-Vitorioso_…s.mp3
Jun 08 22:41 : update: added diversos/[fhop_music]-RUJA_O_LE+‚O.mp3
Jun 08 22:41 : update: added diversos/[fhop_music]-QUEBRA_O_SIL+ËNCIO.mp3
Jun 08 22:41 : update: added diversos/[Elizeu Alves]-Sou_Casa.mp3
Jun 08 22:41 : update: added diversos/[Bethel_Music]Living_Hope.mp3
Jun 08 22:41 : update: added skilet/[Skillet]-Hero.mp3
Jun 08 22:41 : update: added skilet/[Skillet]-Feel_Invincible.mp3
Jun 08 22:41 : update: added skilet/[Skillet]-Stars.mp3
Jun 08 22:41 : update: added skilet/[Skillet]-Victorious.mp3
Jun 08 22:41 : update: added skilet/[Skillet]-Terrify_the_Dark.mp3
Jun 08 22:41 : update: added skilet/[Skillet]-Stars(acustico).mp3
Jun 08 22:41 : update: added skilet/[Skillet]-Legendary.mp3
Jun 08 22:41 : update: added skilet/[Skillet]-Never_Going_Back.mp3
Jun 08 22:41 : update: added skilet/[Skillet]-This_Is_the_Kingdom.mp3
Jun 08 22:41 : update: added skilet/[Skillet]-You_Ain't_Ready.mp3
Jun 08 22:41 : update: added skilet/[Skillet]-Rise_Up.mp3
Jun 08 22:41 : update: added skilet/[Skillet]-Reach.mp3
Jun 08 22:41 : update: added skilet/[Skillet]-Save_Me.mp3
Jun 08 22:41 : update: added skilet/[Skillet]-Anchor.mp3
Jun 08 22:41 : update: added skilet/[Skillet]-Finish_Line.mp3
Jun 08 22:41 : update: added skilet/[Skillet]-Back_to_Life.mp3
Jun 08 22:41 : update: added Isra_Subira/[Israel_Subira]-Festa_do_Universo.mp3
Jun 08 22:41 : update: added Isra_Subira/[Israel_Subira]-Abram_os_Port+¡es.mp3
Jun 08 22:41 : update: added Isra_Subira/[Israel_Subira]-Me_Leva_Pra_Casa-(Som_Do_Reino).mp3
Jun 08 22:41 : update: added Isra_Subira/[Israel_Subira]-Me_Leva_pra_Casa.mp3
Jun 08 22:41 : update: added Isra_Subira/[Israel_Subira]-Ado+∫+˙o.mp3
Jun 08 22:41 : update: added Isra_Subira/[Israel_Subira]-Deus_Meu.mp3
Jun 08 22:41 : update: added Palankin/[Palankin]-Epifania.mp3
Jun 08 22:41 : update: added Palankin/[Palankin]-CA+ÙTICA.mp3
Jun 08 22:41 : update: added Palankin/[Palankin]-ALICE_PARTE_2.mp3
Jun 08 22:41 : update: added Palankin/[Palankin]-SATISFAZ.mp3
Jun 08 22:41 : update: added Palankin/[Palankin]-LAREIRA.mp3
Jun 08 22:41 : update: added Palankin/[Palankin]-N˙mero_1.mp3
Jun 08 22:41 : update: added Palankin/[Palankin]-Corre_Jo+˙o,_Corre.mp3
Jun 08 22:41 : update: added Palankin/[Palankin]-Pulsante.mp3
Jun 08 22:41 : update: added Palankin/[Palankin]-Vaidade.mp3
Jun 08 22:41 : update: added Palankin/[Palankin]-ALICE.mp3
Jun 08 22:41 : update: added Palankin/[Palankin]-RESPIRAR.mp3
Jun 08 22:41 : update: added Palankin/[Palankin]-Bonecos_de_Pl·stico.mp3
Jun 08 22:41 : update: added Palankin/[Palankin]-Selo.mp3
Jun 08 22:41 : update: added Rodolfo_Abrantes/[Rodolfo_Abrantes]-Teu_amor_me_aproxima_do_CÈu.mp3
Jun 08 22:41 : update: added Rodolfo_Abrantes/[Rodolfo_Abrantes]-Quem_È_essa.mp3
Jun 08 22:41 : update: added Rodolfo_Abrantes/[Rodolfo_Abrantes]-Isaias_9.mp3
Jun 08 22:41 : update: added Rodolfo_Abrantes/[Rodolfo_Abrantes]-NÌvel_Raso.mp3
Jun 08 22:41 : update: added Rodolfo_Abrantes/[Rodolfo_Abrantes]-Minha_Prioridade.mp3
Jun 08 22:41 : update: added Rodolfo_Abrantes/[Rodolfo_Abrantes]-Paz_aos_homens.mp3
Jun 08 22:41 : update: added Rodolfo_Abrantes/[Rodolfo_Abrantes]-L·grimas_do_CÈu.mp3
Jun 08 22:41 : update: added Rodolfo_Abrantes/[Rodolfo_Abrantes]-Mar_de_Vidro.mp3
Jun 08 22:41 : update: added Rodolfo_Abrantes/[Rodolfo_Abrantes]-AlÈm_do_Que_eu_Queira_Mostrar.mp3
Jun 08 22:41 : update: added Rodolfo_Abrantes/[Rodolfo_Abrantes]-Tudo_mais_pode_esperar.mp3
Jun 08 22:41 : update: added Rodolfo_Abrantes/[Rodolfo_Abrantes]-Uma_Luz_Que_N+˙o_Pode_Apagar.mp3
Jun 08 22:41 : update: added Rodolfo_Abrantes/[Rodolfo_Abrantes]-Mate_A_Besta.mp3
Jun 08 22:41 : update: added Rodolfo_Abrantes/[Rodolfo_Abrantes]-Veja_a_terra_te_adorar.mp3
Jun 08 22:41 : update: added Rodolfo_Abrantes/[Rodolfo_Abrantes]-O_tempo_Mudou.mp3
Jun 08 22:41 : update: added Rodolfo_Abrantes/[Rodolfo_Abrantes]-No_Teu_Jardim.mp3
Jun 08 22:41 : update: added Rodolfo_Abrantes/[Rodolfo_Abrantes]-Minha_Maior_Riqueza.mp3
Jun 08 22:41 : update: added Rodolfo_Abrantes/[Rodolfo_Abrantes]-Contigo_a_Mesa.mp3
Jun 08 22:41 : update: added Rodolfo_Abrantes/[Rodolfo_Abrantes]-As_Portas_V+˙o_se_Levantar.mp3
Jun 08 22:41 : update: added Rodolfo_Abrantes/[Rodolfo_Abrantes]-Pisaduras.mp3
Jun 08 22:41 : update: added Rodolfo_Abrantes/[Rodolfo_Abrantes]-Eu_sou_esse_Lugar.mp3
Jun 08 22:41 : update: added Rodolfo_Abrantes/[Rodolfo_Abrantes]-Na+∫+˙o_Santa.mp3
Jun 08 22:41 : update: added Rodolfo_Abrantes/[Rodolfo_Abrantes]-Quando_o_cÈu_parou_pra_me_abraÁar.mp3
Jun 08 22:41 : update: added Rodolfo_Abrantes/[Rodolfo_Abrantes]-NinguÈm_Por_Perto.mp3
Jun 08 22:41 : update: added Rodolfo_Abrantes/[Rodolfo_Abrantes]-Ao_Redor_do_Rei.mp3
Jun 08 22:41 : update: added Rodolfo_Abrantes/[Rodolfo_Abrantes]-AtÈ_que_a_casa_esteja_cheia.mp3
Jun 08 22:41 : update: added Rodolfo_Abrantes/[Rodolfo_Abrantes]-Todo_dia,_atÈ_morrer.mp3
Jun 08 22:41 : update: added Rodolfo_Abrantes/[Rodolfo_Abrantes]-Na_Videira.mp3
Jun 08 22:41 : update: added Rodolfo_Abrantes/[Rodolfo_Abrantes]-Enquanto_È_Dia.mp3
Jun 08 22:41 : update: added Rodolfo_Abrantes/[Rodolfo_Abrantes]-Parecido_Contigo.mp3
Jun 08 22:41 : update: added Rodolfo_Abrantes/[Rodolfo_Abrantes]-Santidade_ao_Senhor.mp3
Jun 08 22:41 : update: added Rodolfo_Abrantes/[Rodolfo_Abrantes]-T+˙o_sublime.mp3
Jun 08 22:41 : update: added Rodolfo_Abrantes/[Rodolfo_Abrantes]-Seja_Feita_a_Tua_Vontade.mp3
Jun 08 22:41 : update: added Rodolfo_Abrantes/[Rodolfo_Abrantes]-Vem_Derramar.mp3
Jun 08 22:41 : update: added Rodolfo_Abrantes/[Rodolfo_Abrantes]-Ele_n+˙o_Falha.mp3
Jun 08 22:41 : update: added Rodolfo_Abrantes/[Rodolfo_Abrantes]-Face_a_Face.mp3
Jun 08 22:41 : update: added Rodolfo_Abrantes/[Rodolfo_Abrantes]-Tesouro_de_Valor-lJvOWM.mp3
Jun 08 22:41 : update: added Rodolfo_Abrantes/[Rodolfo_Abrantes]-Joio_ou_Trigo.mp3
Jun 08 22:41 : update: added Rodolfo_Abrantes/[Rodolfo_Abrantes]-CastiÁais_De_Ouro.mp3
Jun 08 22:41 : update: added Rodolfo_Abrantes/[Rodolfo_Abrantes]-BÙnus-LnhE.mp3
Jun 08 22:41 : update: added Rodolfo_Abrantes/[Rodolfo_Abrantes]-Ele_Vem_Pra_Medir.mp3
Jun 08 22:41 : update: added Rodolfo_Abrantes/[Rodolfo_Abrantes]-Nem_Lua,_Nem_Sol.mp3
Jun 08 22:41 : update: added Rodolfo_Abrantes/[Rodolfo_Abrantes]-Saudades_de_Casa.mp3
Jun 08 22:41 : update: added Rodolfo_Abrantes/[Rodolfo_Abrantes]-H·_Um_Lugar_Pra_Mim.mp3
Jun 08 22:41 : update: added Hillsong/[Hillsong_Worship]-I_Surrender.mp3
Jun 08 22:41 : update: added Hillsong/[Hillsong_Worship]-What_A_Beautiful_Name.mp3
Jun 08 22:41 : update: added Hillsong/[Hillsong_Worship]-Broken_Vessels.mp3
Jun 08 22:41 : update: added Hillsong/[Hillsong_Worship]-In_Control.mp3
Jun 08 22:41 : update: added Hillsong/[Hillsong_Worship]-Oceans.mp3
Jun 08 22:41 : update: added Hillsong/[Hillsong_Worship]-So_Will_I.mp3
Jun 08 22:41 : update: added Hillsong/[Hillsong_Worship]-Grace_To_Grace.mp3
Jun 08 22:41 : update: added Som_Do_Reino/[Som_do_Reino(Vol.1)]-Quando_Ele_Vem.mp3
Jun 08 22:41 : update: added Som_Do_Reino/[Som_do_Reino(Vol.2)]-Para_Que_Entre_o_Rei.mp3
Jun 08 22:41 : update: added Som_Do_Reino/[Som_do_Reino(Vol.1)]-Senhor,_Te_Amo.mp3
Jun 08 22:41 : update: added Som_Do_Reino/[Som_do_Reino(Vol.2)]-Deseable.mp3
Jun 08 22:41 : update: added Som_Do_Reino/[Som_do_Reino(Vol.1)]-Quero_Conhecer_Jesus.mp3
Jun 08 22:41 : update: added Som_Do_Reino/[Som_do_Reino(Vol.2)]-Jornada.mp3
Jun 08 22:41 : update: added Som_Do_Reino/[Som_do_Reino(Vol.2)]-Ser_Mudado.mp3
Jun 08 22:41 : update: added Som_Do_Reino/[Som_do_Reino(Vol.2)]-Maranata.mp3
Jun 08 22:41 : update: added Som_Do_Reino/[Som_do_Reino(Vol.1)]-Puro_e_Simples.mp3
Jun 08 22:41 : update: added Som_Do_Reino/[Som_do_Reino(Vol.2)]-Que_o_Incenso_Suba.mp3
Jun 08 22:41 : update: added Som_Do_Reino/[Som_do_Reino(Vol.2)]-Meu_Prazer.mp3
Jun 08 22:41 : update: added Som_Do_Reino/[Som_do_Reino(Vol.1)]-Deixa_Queimar.mp3
Jun 08 22:41 : update: added Som_Do_Reino/[Som_do_Reino(Vol.1)]-Pra_Onde_Eu_Irei.mp3
Jun 08 22:41 : update: added Som_Do_Reino/[Som_do_Reino(Vol.1)]-Uma_Coisa.mp3
Jun 08 22:41 : update: added Som_Do_Reino/[Som_do_Reino(Vol.2)]-Quebro_Meu_Vaso.mp3
Jun 08 22:41 : update: added Som_Do_Reino/[Som_do_Reino(Vol.1)]-Me_Faz_Te_Amar_Mais.mp3
Jun 08 22:41 : update: added cristas.zip/Alessandro_VIllas_Boas/[Alessandro_Vilas_Boas]-(Jesus_Copy)-DOCE_COMO_O_MEL.mp3
Jun 08 22:41 : update: added cristas.zip/Alessandro_VIllas_Boas/[Alessandro_Vilas_Boas]-(Jesus_Copy)-O_FOGO_NUNCA_DORME.mp3
Jun 08 22:41 : update: added cristas.zip/Alessandro_VIllas_Boas/[Alessandro_Vilas_Boas]-(Jesus_Copy)-QUERO_CONHECER_JESUS.mp3
Jun 08 22:41 : update: added cristas.zip/Alessandro_VIllas_Boas/[Alessandro_Vilas_Boas]-Deixa_Queimar.mp3
Jun 08 22:41 : update: added cristas.zip/Alessandro_VIllas_Boas/[Alessandro_Vilas_Boas]-Doce_Como_O_Mel.mp3
Jun 08 22:41 : update: added cristas.zip/Alessandro_VIllas_Boas/[Alessandro_Vilas_Boas]-EKBALLO.mp3
Jun 08 22:41 : update: added cristas.zip/Alessandro_VIllas_Boas/[Alessandro_Vilas_Boas]-Jeremias_23.mp3
Jun 08 22:41 : update: added cristas.zip/Alessandro_VIllas_Boas/[Alessandro_Vilas_Boas]-N¢s_Queremos_Ver.mp3
Jun 08 22:41 : update: added cristas.zip/Alessandro_VIllas_Boas/[Alessandro_Vilas_Boas]-O_Carpinteiro.mp3
Jun 08 22:41 : update: added cristas.zip/Alessandro_VIllas_Boas/[Alessandro_Vilas_Boas]-O_Fogo_Nunca_Dorme.mp3
Jun 08 22:41 : update: added cristas.zip/Alessandro_VIllas_Boas/[Alessandro_Vilas_Boas]-QUERO_CONHECER_JESUS.mp3
Jun 08 22:41 : update: added cristas.zip/diversos/[Bethel_Music]Living_Hope.mp3
Jun 08 22:41 : update: added cristas.zip/diversos/[Central_3]-Para_Ti_eu_vou.mp3
Jun 08 22:41 : update: added cristas.zip/diversos/[Elizeu Alves]-Sou_Casa.mp3
Jun 08 22:41 : update: added cristas.zip/diversos/[fhop_music]-QUEBRA_O_SIL√äNCIO.mp3
Jun 08 22:41 : update: added cristas.zip/diversos/[fhop_music]-RUJA_O_LE√ÉO.mp3
Jun 08 22:41 : update: added cristas.zip/diversos/[Gabriel_Guedes]-Vitorioso_ês.mp3
Jun 08 22:41 : update: added cristas.zip/diversos/[Louvor_IBM]-Fogo_em_Teus_Olhos.mp3
Jun 08 22:41 : update: added cristas.zip/diversos/[Marcela_Tais]-Idolatria.mp3
Jun 08 22:41 : update: added cristas.zip/Hillsong/[Hillsong_Worship]-Broken_Vessels.mp3
Jun 08 22:41 : update: added cristas.zip/Hillsong/[Hillsong_Worship]-Grace_To_Grace.mp3
Jun 08 22:41 : update: added cristas.zip/Hillsong/[Hillsong_Worship]-I_Surrender.mp3
Jun 08 22:41 : update: added cristas.zip/Hillsong/[Hillsong_Worship]-In_Control.mp3
Jun 08 22:41 : update: added cristas.zip/Hillsong/[Hillsong_Worship]-Oceans.mp3
Jun 08 22:41 : update: added cristas.zip/Hillsong/[Hillsong_Worship]-So_Will_I.mp3
Jun 08 22:41 : update: added cristas.zip/Hillsong/[Hillsong_Worship]-What_A_Beautiful_Name.mp3
Jun 08 22:41 : update: added cristas.zip/Isaias-Saad/[Isa°as_Saad]-_O_Rei_est†_aqui.mp3
Jun 08 22:41 : update: added cristas.zip/Isaias-Saad/[Isa°as_Saad]-_Pra_onde_eu_irei.mp3
Jun 08 22:41 : update: added cristas.zip/Isaias-Saad/[Isa°as_Saad]-APOCALIPSE_4.mp3
Jun 08 22:41 : update: added cristas.zip/Isaias-Saad/[Isa°as_Saad]-BEM_PERTO.mp3
Jun 08 22:41 : update: added cristas.zip/Isaias-Saad/[Isa°as_Saad]-EMANUEL.mp3
Jun 08 22:41 : update: added cristas.zip/Isaias-Saad/[Isa°as_Saad]-Emanuel_Gabriel_Guedes.mp3
Jun 08 22:41 : update: added cristas.zip/Isaias-Saad/[Isa°as_Saad]-ENCHE-ME_+_Gabriela_Rocha.mp3
Jun 08 22:41 : update: added cristas.zip/Isaias-Saad/[Isa°as_Saad]-Esp°rito_Vem.mp3
Jun 08 22:41 : update: added cristas.zip/Isaias-Saad/[Isa°as_Saad]-Estou_Aqui_+_Luma_Elpidio.mp3
Jun 08 22:41 : update: added cristas.zip/Isaias-Saad/[Isa°as_Saad]-Eu_TambÇm.mp3
Jun 08 22:41 : update: added cristas.zip/Isaias-Saad/[Isa°as_Saad]-EU_TAMBêM_+_PRA_TE_ADORAR.mp3
Jun 08 22:41 : update: added cristas.zip/Isaias-Saad/[Isa√≠as_Saad]-INEXPLIC√ÅVEL_AMOR_+_Luma_Elpidio.mp3
Jun 08 22:41 : update: added cristas.zip/Isaias-Saad/[Isa°as_Saad]-Me_Esvaziar.mp3
Jun 08 22:41 : update: added cristas.zip/Isaias-Saad/[Isa°as_Saad]-Ousado_Amor.mp3
Jun 08 22:41 : update: added cristas.zip/Isaias-Saad/[Isa°as_Saad]-PALAVRA_-_A_BELEZA_DE_DEUS.mp3
Jun 08 22:41 : update: added cristas.zip/Isaias-Saad/[Isa°as_Saad]-QUEM_ELE_ê.mp3
Jun 08 22:41 : update: added cristas.zip/Isaias-Saad/[Isa°as_Saad]-SUA_PRESENÄA.mp3
Jun 08 22:41 : update: added cristas.zip/Isaias-Saad/[Isa°as_Saad]-Vou_AlÇm.mp3
Jun 08 22:41 : update: added cristas.zip/Isra_Subira/[Israel_Subira]-Abram_os_Port√µes.mp3
Jun 08 22:41 : update: added cristas.zip/Isra_Subira/[Israel_Subira]-Ado√ß√£o.mp3
Jun 08 22:41 : update: added cristas.zip/Isra_Subira/[Israel_Subira]-Deus_Meu.mp3
Jun 08 22:41 : update: added cristas.zip/Isra_Subira/[Israel_Subira]-Festa_do_Universo.mp3
Jun 08 22:41 : update: added cristas.zip/Isra_Subira/[Israel_Subira]-Me_Leva_Pra_Casa-(Som_Do_Reino).mp3
Jun 08 22:41 : update: added cristas.zip/Isra_Subira/[Israel_Subira]-Me_Leva_pra_Casa.mp3
Jun 08 22:41 : update: added cristas.zip/Luma-Epildio/[Luma_Elpidio]-Ele_N√£o_Me_Deixou.mp3
Jun 08 22:41 : update: added cristas.zip/Luma-Epildio/[Luma_Elpidio]-Ele_Vem.mp3
Jun 08 22:41 : update: added cristas.zip/Luma-Epildio/[Luma_Elpidio]-Holy.mp3
Jun 08 22:41 : update: added cristas.zip/Luma-Epildio/[Luma_Elpidio]-Insibist°tuivel_+_Fernandinho.mp3
Jun 08 22:41 : update: added cristas.zip/Luma-Epildio/[Luma_Elpidio]-Liberta-me_de_Mim.mp3
Jun 08 22:41 : update: added cristas.zip/Luma-Epildio/[Luma_Elpidio]-Mais_de_Ti.mp3
Jun 08 22:41 : update: added cristas.zip/Luma-Epildio/[Luma_Elpidio]-NaÃÉo_Sei_Mais_Como_NaÃÉo_Te_Amar.mp3
Jun 08 22:41 : update: added cristas.zip/Luma-Epildio/[Luma_Elpidio]-No_Secreto.mp3
Jun 08 22:41 : update: added cristas.zip/Luma-Epildio/[Luma_Elpidio]-OÃÅh_Minh'alma.mp3
Jun 08 22:41 : update: added cristas.zip/Luma-Epildio/[Luma_Elpidio]-Por_Vocà.mp3
Jun 08 22:41 : update: added cristas.zip/Luma-Epildio/[Luma_Elpidio]-Que_Amor_ê_Esse.mp3
Jun 08 22:41 : update: added cristas.zip/Luma-Epildio/[Luma_Elpidio]-Quem_Çs_pra_mim.mp3
Jun 08 22:41 : update: added cristas.zip/Luma-Epildio/[Luma_Elpidio]-Santo_Deus.mp3
Jun 08 22:41 : update: added cristas.zip/Luma-Epildio/[Luma_Elpidio]-Tua_Gl¢ria.mp3
Jun 08 22:41 : update: added cristas.zip/Luma-Epildio/[Luma_Elpidio]-Vem_a_Mim.mp3
Jun 08 22:41 : update: added cristas.zip/Luma-Epildio/[Luma_Elpidio]-Venho_a_Ti.mp3
Jun 08 22:41 : update: added cristas.zip/Luma-Epildio/[Luma_Elpidio]-Vocà_Veio_Pra_Ficar.mp3
Jun 08 22:41 : update: added cristas.zip/Morada/[MORADA]-√â_TUDO_SOBRE_VOC√ä.mp3
Jun 08 22:41 : update: added cristas.zip/Morada/[MORADA]-N√ÉO_H√Å_AMOR_IGUAL.mp3
Jun 08 22:41 : update: added cristas.zip/Morada/[MORADA]-OH!_SE_FENDESSES.mp3
Jun 08 22:41 : update: added cristas.zip/Morada/[MORADA]-Para_Onde_Eu_Irei.mp3
Jun 08 22:41 : update: added cristas.zip/Palankin/[Palankin]-ALICE.mp3
Jun 08 22:41 : update: added cristas.zip/Palankin/[Palankin]-ALICE_PARTE_2.mp3
Jun 08 22:41 : update: added cristas.zip/Palankin/[Palankin]-Bonecos_de_Pl†stico.mp3
Jun 08 22:41 : update: added cristas.zip/Palankin/[Palankin]-CA√ìTICA.mp3
Jun 08 22:41 : update: added cristas.zip/Palankin/[Palankin]-Corre_Jo√£o,_Corre.mp3
Jun 08 22:41 : update: added cristas.zip/Palankin/[Palankin]-Epifania.mp3
Jun 08 22:41 : update: added cristas.zip/Palankin/[Palankin]-LAREIRA.mp3
Jun 08 22:41 : update: added cristas.zip/Palankin/[Palankin]-N£mero_1.mp3
Jun 08 22:41 : update: added cristas.zip/Palankin/[Palankin]-Pulsante.mp3
Jun 08 22:41 : update: added cristas.zip/Palankin/[Palankin]-RESPIRAR.mp3
Jun 08 22:41 : update: added cristas.zip/Palankin/[Palankin]-SATISFAZ.mp3
Jun 08 22:41 : update: added cristas.zip/Palankin/[Palankin]-Selo.mp3
Jun 08 22:41 : update: added cristas.zip/Palankin/[Palankin]-Vaidade.mp3
Jun 08 22:41 : update: added cristas.zip/Projeto_Sola/[Projeto_sola]-(SP)-Colossenses_1.mp3
Jun 08 22:41 : update: added cristas.zip/Projeto_Sola/[Projeto_sola]-(SP)-Filho_de_Deus.mp3
Jun 08 22:41 : update: added cristas.zip/Projeto_Sola/[Projeto_sola]-(SP)-√ì_Vinde_Adoremos.mp3
Jun 08 22:41 : update: added cristas.zip/Projeto_Sola/[Projeto_sola]-46.mp3
Jun 08 22:41 : update: added cristas.zip/Projeto_Sola/[Projeto_sola]-126.mp3
Jun 08 22:41 : update: added cristas.zip/Projeto_Sola/[Projeto_sola]-AtÇ_Outra_Vez.mp3
Jun 08 22:41 : update: added cristas.zip/Projeto_Sola/[Projeto_sola]-Benedictus_.mp3
Jun 08 22:41 : update: added cristas.zip/Projeto_Sola/[Projeto_sola]-Campos.mp3
Jun 08 22:41 : update: added cristas.zip/Projeto_Sola/[Projeto_sola]-Cansado.mp3
Jun 08 22:41 : update: added cristas.zip/Projeto_Sola/[Projeto_sola]-Colossenses_1.mp3
Jun 08 22:41 : update: added cristas.zip/Projeto_Sola/[Projeto_sola]-Confiss√µes.mp3
Jun 08 22:41 : update: added cristas.zip/Projeto_Sola/[Projeto_sola]-Da_Vida.mp3
Jun 08 22:41 : update: added cristas.zip/Projeto_Sola/[Projeto_sola]-Das_Trevas_Ö_Luz.mp3
Jun 08 22:41 : update: added cristas.zip/Projeto_Sola/[Projeto_sola]-Entre_NoÃÅs.mp3
Jun 08 22:41 : update: added cristas.zip/Projeto_Sola/[Projeto_sola]-Eterno_Lar.mp3
Jun 08 22:41 : client: [0] opened from 127.0.0.1:38430
Jun 08 22:41 : update: added cristas.zip/Projeto_Sola/[Projeto_sola]-√äxodo.mp3
Jun 08 22:41 : update: added cristas.zip/Projeto_Sola/[Projeto_sola]-Gànesis.mp3
Jun 08 22:41 : update: added cristas.zip/Projeto_Sola/[Projeto_sola]-Magnificat.mp3
Jun 08 22:41 : update: added cristas.zip/Projeto_Sola/[Projeto_sola]-Nosso_Rei.mp3
Jun 08 22:41 : update: added cristas.zip/Projeto_Sola/[Projeto_sola]-Nunc_Dimittis.mp3
Jun 08 22:41 : update: added cristas.zip/Projeto_Sola/[Projeto_sola]-Por_Todos_Os_Dias.mp3
Jun 08 22:41 : update: added cristas.zip/Projeto_Sola/[Projeto_sola]-Reden√ß√£o.mp3
Jun 08 22:41 : update: added cristas.zip/Qv/[QV_Filhos]-(Bruno_Guimar√£es)-A_morte_n√£o_parou_Jesus.mp3
Jun 08 22:41 : update: added cristas.zip/Qv/[QV_Filhos]-(Carol_Cassiano)-Romanos_8.mp3
Jun 08 22:41 : update: added cristas.zip/Qv/[QV_Filhos]-(Rudney_de_Paula)-A_Melhor_Parte.mp3
Jun 08 22:41 : update: added cristas.zip/Qv/[Reden√ß√£o]-(Phill)-Filipenses.mp3
Jun 08 22:41 : update: added cristas.zip/Rodolfo_Abrantes/[Rodolfo_Abrantes]-AlÇm_do_Que_eu_Queira_Mostrar.mp3
Jun 08 22:41 : update: added cristas.zip/Rodolfo_Abrantes/[Rodolfo_Abrantes]-Ao_Redor_do_Rei.mp3
Jun 08 22:41 : update: added cristas.zip/Rodolfo_Abrantes/[Rodolfo_Abrantes]-As_Portas_V√£o_se_Levantar.mp3
Jun 08 22:41 : update: added cristas.zip/Rodolfo_Abrantes/[Rodolfo_Abrantes]-AtÇ_que_a_casa_esteja_cheia.mp3
Jun 08 22:41 : update: added cristas.zip/Rodolfo_Abrantes/[Rodolfo_Abrantes]-Bìnus-LnhE.mp3
Jun 08 22:41 : update: added cristas.zip/Rodolfo_Abrantes/[Rodolfo_Abrantes]-Castiáais_De_Ouro.mp3
Jun 08 22:41 : update: added cristas.zip/Rodolfo_Abrantes/[Rodolfo_Abrantes]-Contigo_a_Mesa.mp3
Jun 08 22:41 : update: added cristas.zip/Rodolfo_Abrantes/[Rodolfo_Abrantes]-Ele_n√£o_Falha.mp3
Jun 08 22:41 : update: added cristas.zip/Rodolfo_Abrantes/[Rodolfo_Abrantes]-Ele_Vem_Pra_Medir.mp3
Jun 08 22:41 : update: added cristas.zip/Rodolfo_Abrantes/[Rodolfo_Abrantes]-Enquanto_Ç_Dia.mp3
Jun 08 22:41 : update: added cristas.zip/Rodolfo_Abrantes/[Rodolfo_Abrantes]-Eu_sou_esse_Lugar.mp3
Jun 08 22:41 : update: added cristas.zip/Rodolfo_Abrantes/[Rodolfo_Abrantes]-Face_a_Face.mp3
Jun 08 22:41 : update: added cristas.zip/Rodolfo_Abrantes/[Rodolfo_Abrantes]-H†_Um_Lugar_Pra_Mim.mp3
Jun 08 22:41 : update: added cristas.zip/Rodolfo_Abrantes/[Rodolfo_Abrantes]-Isaias_9.mp3
Jun 08 22:41 : update: added cristas.zip/Rodolfo_Abrantes/[Rodolfo_Abrantes]-Joio_ou_Trigo.mp3
Jun 08 22:41 : update: added cristas.zip/Rodolfo_Abrantes/[Rodolfo_Abrantes]-L†grimas_do_CÇu.mp3
Jun 08 22:41 : update: added cristas.zip/Rodolfo_Abrantes/[Rodolfo_Abrantes]-Mar_de_Vidro.mp3
Jun 08 22:41 : update: added cristas.zip/Rodolfo_Abrantes/[Rodolfo_Abrantes]-Mate_A_Besta.mp3
Jun 08 22:41 : update: added cristas.zip/Rodolfo_Abrantes/[Rodolfo_Abrantes]-Minha_Maior_Riqueza.mp3
Jun 08 22:41 : update: added cristas.zip/Rodolfo_Abrantes/[Rodolfo_Abrantes]-Minha_Prioridade.mp3
Jun 08 22:41 : update: added cristas.zip/Rodolfo_Abrantes/[Rodolfo_Abrantes]-Na_Videira.mp3
Jun 08 22:41 : update: added cristas.zip/Rodolfo_Abrantes/[Rodolfo_Abrantes]-Na√ß√£o_Santa.mp3
Jun 08 22:41 : update: added cristas.zip/Rodolfo_Abrantes/[Rodolfo_Abrantes]-Nem_Lua,_Nem_Sol.mp3
Jun 08 22:41 : update: added cristas.zip/Rodolfo_Abrantes/[Rodolfo_Abrantes]-NinguÇm_Por_Perto.mp3
Jun 08 22:41 : update: added cristas.zip/Rodolfo_Abrantes/[Rodolfo_Abrantes]-N°vel_Raso.mp3
Jun 08 22:41 : update: added cristas.zip/Rodolfo_Abrantes/[Rodolfo_Abrantes]-No_Teu_Jardim.mp3
Jun 08 22:41 : update: added cristas.zip/Rodolfo_Abrantes/[Rodolfo_Abrantes]-O_tempo_Mudou.mp3
Jun 08 22:41 : update: added cristas.zip/Rodolfo_Abrantes/[Rodolfo_Abrantes]-Parecido_Contigo.mp3
Jun 08 22:41 : update: added cristas.zip/Rodolfo_Abrantes/[Rodolfo_Abrantes]-Paz_aos_homens.mp3
Jun 08 22:41 : update: added cristas.zip/Rodolfo_Abrantes/[Rodolfo_Abrantes]-Pisaduras.mp3
Jun 08 22:41 : update: added cristas.zip/Rodolfo_Abrantes/[Rodolfo_Abrantes]-Quando_o_cÇu_parou_pra_me_abraáar.mp3
Jun 08 22:41 : update: added cristas.zip/Rodolfo_Abrantes/[Rodolfo_Abrantes]-Quem_Ç_essa.mp3
Jun 08 22:41 : update: added cristas.zip/Rodolfo_Abrantes/[Rodolfo_Abrantes]-Santidade_ao_Senhor.mp3
Jun 08 22:41 : update: added cristas.zip/Rodolfo_Abrantes/[Rodolfo_Abrantes]-Saudades_de_Casa.mp3
Jun 08 22:41 : update: added cristas.zip/Rodolfo_Abrantes/[Rodolfo_Abrantes]-Seja_Feita_a_Tua_Vontade.mp3
Jun 08 22:41 : update: added cristas.zip/Rodolfo_Abrantes/[Rodolfo_Abrantes]-T√£o_sublime.mp3
Jun 08 22:41 : update: added cristas.zip/Rodolfo_Abrantes/[Rodolfo_Abrantes]-Tesouro_de_Valor-lJvOWM.mp3
Jun 08 22:41 : update: added cristas.zip/Rodolfo_Abrantes/[Rodolfo_Abrantes]-Teu_amor_me_aproxima_do_CÇu.mp3
Jun 08 22:41 : update: added cristas.zip/Rodolfo_Abrantes/[Rodolfo_Abrantes]-Todo_dia,_atÇ_morrer.mp3
Jun 08 22:41 : update: added cristas.zip/Rodolfo_Abrantes/[Rodolfo_Abrantes]-Tudo_mais_pode_esperar.mp3
Jun 08 22:41 : update: added cristas.zip/Rodolfo_Abrantes/[Rodolfo_Abrantes]-Uma_Luz_Que_N√£o_Pode_Apagar.mp3
Jun 08 22:41 : update: added cristas.zip/Rodolfo_Abrantes/[Rodolfo_Abrantes]-Veja_a_terra_te_adorar.mp3
Jun 08 22:41 : update: added cristas.zip/Rodolfo_Abrantes/[Rodolfo_Abrantes]-Vem_Derramar.mp3
Jun 08 22:41 : update: added cristas.zip/skilet/[Skillet]-Anchor.mp3
Jun 08 22:41 : update: added cristas.zip/skilet/[Skillet]-Back_to_Life.mp3
Jun 08 22:41 : update: added cristas.zip/skilet/[Skillet]-Feel_Invincible.mp3
Jun 08 22:41 : update: added cristas.zip/skilet/[Skillet]-Finish_Line.mp3
Jun 08 22:41 : update: added cristas.zip/skilet/[Skillet]-Hero.mp3
Jun 08 22:41 : update: added cristas.zip/skilet/[Skillet]-Legendary.mp3
Jun 08 22:41 : update: added cristas.zip/skilet/[Skillet]-Never_Going_Back.mp3
Jun 08 22:41 : update: added cristas.zip/skilet/[Skillet]-Reach.mp3
Jun 08 22:41 : update: added cristas.zip/skilet/[Skillet]-Rise_Up.mp3
Jun 08 22:41 : update: added cristas.zip/skilet/[Skillet]-Save_Me.mp3
Jun 08 22:41 : update: added cristas.zip/skilet/[Skillet]-Stars(acustico).mp3
Jun 08 22:41 : update: added cristas.zip/skilet/[Skillet]-Stars.mp3
Jun 08 22:41 : update: added cristas.zip/skilet/[Skillet]-Terrify_the_Dark.mp3
Jun 08 22:41 : update: added cristas.zip/skilet/[Skillet]-This_Is_the_Kingdom.mp3
Jun 08 22:41 : update: added cristas.zip/skilet/[Skillet]-Victorious.mp3
Jun 08 22:41 : update: added cristas.zip/skilet/[Skillet]-You_Ain't_Ready.mp3
Jun 08 22:41 : update: added cristas.zip/Som_Do_Reino/[Som_do_Reino(Vol.1)]-Deixa_Queimar.mp3
Jun 08 22:41 : update: added cristas.zip/Som_Do_Reino/[Som_do_Reino(Vol.1)]-Me_Faz_Te_Amar_Mais.mp3
Jun 08 22:41 : update: added cristas.zip/Som_Do_Reino/[Som_do_Reino(Vol.1)]-Pra_Onde_Eu_Irei.mp3
Jun 08 22:41 : update: added cristas.zip/Som_Do_Reino/[Som_do_Reino(Vol.1)]-Puro_e_Simples.mp3
Jun 08 22:41 : update: added cristas.zip/Som_Do_Reino/[Som_do_Reino(Vol.1)]-Quando_Ele_Vem.mp3
Jun 08 22:41 : update: added cristas.zip/Som_Do_Reino/[Som_do_Reino(Vol.1)]-Quero_Conhecer_Jesus.mp3
Jun 08 22:41 : update: added cristas.zip/Som_Do_Reino/[Som_do_Reino(Vol.1)]-Senhor,_Te_Amo.mp3
Jun 08 22:41 : update: added cristas.zip/Som_Do_Reino/[Som_do_Reino(Vol.1)]-Uma_Coisa.mp3
Jun 08 22:41 : update: added cristas.zip/Som_Do_Reino/[Som_do_Reino(Vol.2)]-Deseable.mp3
Jun 08 22:41 : update: added cristas.zip/Som_Do_Reino/[Som_do_Reino(Vol.2)]-Jornada.mp3
Jun 08 22:41 : update: added cristas.zip/Som_Do_Reino/[Som_do_Reino(Vol.2)]-Maranata.mp3
Jun 08 22:41 : update: added cristas.zip/Som_Do_Reino/[Som_do_Reino(Vol.2)]-Meu_Prazer.mp3
Jun 08 22:41 : update: added cristas.zip/Som_Do_Reino/[Som_do_Reino(Vol.2)]-Para_Que_Entre_o_Rei.mp3
Jun 08 22:41 : update: added cristas.zip/Som_Do_Reino/[Som_do_Reino(Vol.2)]-Que_o_Incenso_Suba.mp3
Jun 08 22:41 : update: added cristas.zip/Som_Do_Reino/[Som_do_Reino(Vol.2)]-Quebro_Meu_Vaso.mp3
Jun 08 22:41 : update: added cristas.zip/Som_Do_Reino/[Som_do_Reino(Vol.2)]-Ser_Mudado.mp3
Jun 08 22:43 : exception: Stored playlists are disabled
Jun 08 22:43 : exception: OutputThread could not get realtime scheduling, continuing anyway: sched_setscheduler failed: Operation not permitted
Jun 08 22:43 : exception: OutputThread could not get realtime scheduling, continuing anyway: sched_setscheduler failed: Operation not permitted
Jun 08 22:43 : client: [0] closed
Jun 08 22:43 : player: played "Qv/[QV_Filhos]-(Rudney_de_Paula)-A_Melhor_Parte.mp3"
Jun 08 23:01 : exception: RTIOThread could not get realtime scheduling, continuing anyway: sched_setscheduler failed: Operation not permitted
Jun 08 23:01 : exception: OutputThread could not get realtime scheduling, continuing anyway: sched_setscheduler failed: Operation not permitted
Jun 08 23:01 : exception: OutputThread could not get realtime scheduling, continuing anyway: sched_setscheduler failed: Operation not permitted
Jun 08 23:01 : player: played "Qv/[QV_Filhos]-(Rudney_de_Paula)-A_Melhor_Parte.mp3"
Jun 09 15:38 : exception: RTIOThread could not get realtime scheduling, continuing anyway: sched_setscheduler failed: Operation not permitted
Jun 09 15:38 : exception: OutputThread could not get realtime scheduling, continuing anyway: sched_setscheduler failed: Operation not permitted
Jun 09 15:38 : exception: OutputThread could not get realtime scheduling, continuing anyway: sched_setscheduler failed: Operation not permitted
Jun 09 15:38 : client: [0] opened from 127.0.0.1:40438
Jun 09 15:38 : exception: Stored playlists are disabled
Jun 09 16:01 : client: [0] closed
